[06-Jul-2022 10:30:47 UTC] PHP Warning:  PHP Startup: Unable to load dynamic library 'php_imagick.dll' (tried: C:/Program Files (x86)/Local/resources/extraResources/lightning-services/php-7.4.1+18/bin/win64/ext\php_imagick.dll (No se puede encontrar el módulo especificado.), C:/Program Files (x86)/Local/resources/extraResources/lightning-services/php-7.4.1+18/bin/win64/ext\php_php_imagick.dll.dll (No se puede encontrar el módulo especificado.)) in Unknown on line 0
[06-Jul-2022 10:30:47 UTC] PHP Warning:  PHP Startup: Unable to load dynamic library 'php_imagick.dll' (tried: C:/Program Files (x86)/Local/resources/extraResources/lightning-services/php-7.4.1+18/bin/win64/ext\php_imagick.dll (No se puede encontrar el módulo especificado.), C:/Program Files (x86)/Local/resources/extraResources/lightning-services/php-7.4.1+18/bin/win64/ext\php_php_imagick.dll.dll (No se puede encontrar el módulo especificado.)) in Unknown on line 0
[06-Jul-2022 10:30:48 UTC] PHP Warning:  PHP Startup: Unable to load dynamic library 'php_imagick.dll' (tried: C:/Program Files (x86)/Local/resources/extraResources/lightning-services/php-7.4.1+18/bin/win64/ext\php_imagick.dll (No se puede encontrar el módulo especificado.), C:/Program Files (x86)/Local/resources/extraResources/lightning-services/php-7.4.1+18/bin/win64/ext\php_php_imagick.dll.dll (No se puede encontrar el módulo especificado.)) in Unknown on line 0
[06-Jul-2022 10:30:48 UTC] PHP Warning:  PHP Startup: Unable to load dynamic library 'php_imagick.dll' (tried: C:/Program Files (x86)/Local/resources/extraResources/lightning-services/php-7.4.1+18/bin/win64/ext\php_imagick.dll (No se puede encontrar el módulo especificado.), C:/Program Files (x86)/Local/resources/extraResources/lightning-services/php-7.4.1+18/bin/win64/ext\php_php_imagick.dll.dll (No se puede encontrar el módulo especificado.)) in Unknown on line 0
[12-Jul-2022 09:13:12 UTC] PHP Warning:  Ha ocurrido un error inesperado. Puede que algo vaya mal con WordPress.org o la configuración de este servidor. Si sigues teniendo problemas, por favor, prueba en los <a href="https://es.wordpress.org/support/">foros de soporte</a>. (WordPress no ha podido establecer una conexión segura con WordPress.org. Por favor, contacta con el administrador de tu servidor). in C:\Users\Usuario\Local Sites\holamundo\app\public\wp-includes\update.php on line 172
[12-Jul-2022 09:13:12 UTC] PHP Stack trace:
[12-Jul-2022 09:13:12 UTC] PHP   1. {main}() C:\Users\Usuario\Local Sites\holamundo\app\public\wp-admin\update.php:0
[12-Jul-2022 09:13:12 UTC] PHP   2. Plugin_Upgrader->install() C:\Users\Usuario\Local Sites\holamundo\app\public\wp-admin\update.php:145
[12-Jul-2022 09:13:12 UTC] PHP   3. Plugin_Upgrader->run() C:\Users\Usuario\Local Sites\holamundo\app\public\wp-admin\includes\class-plugin-upgrader.php:137
[12-Jul-2022 09:13:12 UTC] PHP   4. do_action() C:\Users\Usuario\Local Sites\holamundo\app\public\wp-admin\includes\class-wp-upgrader.php:858
[12-Jul-2022 09:13:12 UTC] PHP   5. WP_Hook->do_action() C:\Users\Usuario\Local Sites\holamundo\app\public\wp-includes\plugin.php:476
[12-Jul-2022 09:13:12 UTC] PHP   6. WP_Hook->apply_filters() C:\Users\Usuario\Local Sites\holamundo\app\public\wp-includes\class-wp-hook.php:331
[12-Jul-2022 09:13:12 UTC] PHP   7. wp_version_check() C:\Users\Usuario\Local Sites\holamundo\app\public\wp-includes\class-wp-hook.php:305
[12-Jul-2022 09:13:12 UTC] PHP   8. trigger_error() C:\Users\Usuario\Local Sites\holamundo\app\public\wp-includes\update.php:172
[12-Jul-2022 09:13:12 UTC] PHP Warning:  Ha ocurrido un error inesperado. Puede que algo vaya mal con WordPress.org o la configuración de este servidor. Si sigues teniendo problemas, por favor, prueba en los <a href="https://es.wordpress.org/support/">foros de soporte</a>. (WordPress no ha podido establecer una conexión segura con WordPress.org. Por favor, contacta con el administrador de tu servidor). in C:\Users\Usuario\Local Sites\holamundo\app\public\wp-includes\update.php on line 410
[12-Jul-2022 09:13:12 UTC] PHP Stack trace:
[12-Jul-2022 09:13:12 UTC] PHP   1. {main}() C:\Users\Usuario\Local Sites\holamundo\app\public\wp-admin\update.php:0
[12-Jul-2022 09:13:12 UTC] PHP   2. Plugin_Upgrader->install() C:\Users\Usuario\Local Sites\holamundo\app\public\wp-admin\update.php:145
[12-Jul-2022 09:13:12 UTC] PHP   3. Plugin_Upgrader->run() C:\Users\Usuario\Local Sites\holamundo\app\public\wp-admin\includes\class-plugin-upgrader.php:137
[12-Jul-2022 09:13:12 UTC] PHP   4. do_action() C:\Users\Usuario\Local Sites\holamundo\app\public\wp-admin\includes\class-wp-upgrader.php:858
[12-Jul-2022 09:13:12 UTC] PHP   5. WP_Hook->do_action() C:\Users\Usuario\Local Sites\holamundo\app\public\wp-includes\plugin.php:476
[12-Jul-2022 09:13:12 UTC] PHP   6. WP_Hook->apply_filters() C:\Users\Usuario\Local Sites\holamundo\app\public\wp-includes\class-wp-hook.php:331
[12-Jul-2022 09:13:12 UTC] PHP   7. wp_update_plugins() C:\Users\Usuario\Local Sites\holamundo\app\public\wp-includes\class-wp-hook.php:305
[12-Jul-2022 09:13:12 UTC] PHP   8. trigger_error() C:\Users\Usuario\Local Sites\holamundo\app\public\wp-includes\update.php:410
[12-Jul-2022 09:13:12 UTC] PHP Warning:  Ha ocurrido un error inesperado. Puede que algo vaya mal con WordPress.org o la configuración de este servidor. Si sigues teniendo problemas, por favor, prueba en los <a href="https://es.wordpress.org/support/">foros de soporte</a>. (WordPress no ha podido establecer una conexión segura con WordPress.org. Por favor, contacta con el administrador de tu servidor). in C:\Users\Usuario\Local Sites\holamundo\app\public\wp-includes\update.php on line 690
[12-Jul-2022 09:13:12 UTC] PHP Stack trace:
[12-Jul-2022 09:13:12 UTC] PHP   1. {main}() C:\Users\Usuario\Local Sites\holamundo\app\public\wp-admin\update.php:0
[12-Jul-2022 09:13:12 UTC] PHP   2. Plugin_Upgrader->install() C:\Users\Usuario\Local Sites\holamundo\app\public\wp-admin\update.php:145
[12-Jul-2022 09:13:12 UTC] PHP   3. Plugin_Upgrader->run() C:\Users\Usuario\Local Sites\holamundo\app\public\wp-admin\includes\class-plugin-upgrader.php:137
[12-Jul-2022 09:13:12 UTC] PHP   4. do_action() C:\Users\Usuario\Local Sites\holamundo\app\public\wp-admin\includes\class-wp-upgrader.php:858
[12-Jul-2022 09:13:12 UTC] PHP   5. WP_Hook->do_action() C:\Users\Usuario\Local Sites\holamundo\app\public\wp-includes\plugin.php:476
[12-Jul-2022 09:13:12 UTC] PHP   6. WP_Hook->apply_filters() C:\Users\Usuario\Local Sites\holamundo\app\public\wp-includes\class-wp-hook.php:331
[12-Jul-2022 09:13:12 UTC] PHP   7. wp_update_themes() C:\Users\Usuario\Local Sites\holamundo\app\public\wp-includes\class-wp-hook.php:305
[12-Jul-2022 09:13:12 UTC] PHP   8. trigger_error() C:\Users\Usuario\Local Sites\holamundo\app\public\wp-includes\update.php:690
[15-Jul-2022 08:06:43 UTC] PHP Warning:  PHP Startup: Unable to load dynamic library 'php_imagick.dll' (tried: C:/Program Files (x86)/Local/resources/extraResources/lightning-services/php-7.4.1+18/bin/win64/ext\php_imagick.dll (No se puede encontrar el módulo especificado.), C:/Program Files (x86)/Local/resources/extraResources/lightning-services/php-7.4.1+18/bin/win64/ext\php_php_imagick.dll.dll (No se puede encontrar el módulo especificado.)) in Unknown on line 0
[15-Jul-2022 08:06:43 UTC] PHP Warning:  PHP Startup: Unable to load dynamic library 'php_imagick.dll' (tried: C:/Program Files (x86)/Local/resources/extraResources/lightning-services/php-7.4.1+18/bin/win64/ext\php_imagick.dll (No se puede encontrar el módulo especificado.), C:/Program Files (x86)/Local/resources/extraResources/lightning-services/php-7.4.1+18/bin/win64/ext\php_php_imagick.dll.dll (No se puede encontrar el módulo especificado.)) in Unknown on line 0
[15-Jul-2022 08:06:44 UTC] PHP Warning:  PHP Startup: Unable to load dynamic library 'php_imagick.dll' (tried: C:/Program Files (x86)/Local/resources/extraResources/lightning-services/php-7.4.1+18/bin/win64/ext\php_imagick.dll (No se puede encontrar el módulo especificado.), C:/Program Files (x86)/Local/resources/extraResources/lightning-services/php-7.4.1+18/bin/win64/ext\php_php_imagick.dll.dll (No se puede encontrar el módulo especificado.)) in Unknown on line 0
[15-Jul-2022 08:06:44 UTC] PHP Warning:  PHP Startup: Unable to load dynamic library 'php_imagick.dll' (tried: C:/Program Files (x86)/Local/resources/extraResources/lightning-services/php-7.4.1+18/bin/win64/ext\php_imagick.dll (No se puede encontrar el módulo especificado.), C:/Program Files (x86)/Local/resources/extraResources/lightning-services/php-7.4.1+18/bin/win64/ext\php_php_imagick.dll.dll (No se puede encontrar el módulo especificado.)) in Unknown on line 0
[21-Jul-2022 10:15:07 UTC] PHP Warning:  PHP Startup: Unable to load dynamic library 'php_imagick.dll' (tried: C:/Program Files (x86)/Local/resources/extraResources/lightning-services/php-7.4.1+18/bin/win64/ext\php_imagick.dll (No se puede encontrar el módulo especificado.), C:/Program Files (x86)/Local/resources/extraResources/lightning-services/php-7.4.1+18/bin/win64/ext\php_php_imagick.dll.dll (No se puede encontrar el módulo especificado.)) in Unknown on line 0
[21-Jul-2022 10:15:07 UTC] PHP Warning:  PHP Startup: Unable to load dynamic library 'php_imagick.dll' (tried: C:/Program Files (x86)/Local/resources/extraResources/lightning-services/php-7.4.1+18/bin/win64/ext\php_imagick.dll (No se puede encontrar el módulo especificado.), C:/Program Files (x86)/Local/resources/extraResources/lightning-services/php-7.4.1+18/bin/win64/ext\php_php_imagick.dll.dll (No se puede encontrar el módulo especificado.)) in Unknown on line 0
[21-Jul-2022 10:15:07 UTC] PHP Warning:  PHP Startup: Unable to load dynamic library 'php_imagick.dll' (tried: C:/Program Files (x86)/Local/resources/extraResources/lightning-services/php-7.4.1+18/bin/win64/ext\php_imagick.dll (No se puede encontrar el módulo especificado.), C:/Program Files (x86)/Local/resources/extraResources/lightning-services/php-7.4.1+18/bin/win64/ext\php_php_imagick.dll.dll (No se puede encontrar el módulo especificado.)) in Unknown on line 0
[21-Jul-2022 10:15:07 UTC] PHP Warning:  PHP Startup: Unable to load dynamic library 'php_imagick.dll' (tried: C:/Program Files (x86)/Local/resources/extraResources/lightning-services/php-7.4.1+18/bin/win64/ext\php_imagick.dll (No se puede encontrar el módulo especificado.), C:/Program Files (x86)/Local/resources/extraResources/lightning-services/php-7.4.1+18/bin/win64/ext\php_php_imagick.dll.dll (No se puede encontrar el módulo especificado.)) in Unknown on line 0
[27-Jul-2022 09:14:56 UTC] Converter for Media: Image "C:/Users/Usuario/Local Sites/holamundo/app/public/wp-content/uploads/2022/07/HollowKnight.jpg" converted to .webp is larger than original and converted .webp file has been deleted.
[28-Jul-2022 10:52:23 UTC] PHP Warning:  ZipArchive::close(): Renaming temporary file failed: Permission denied in C:\Users\Usuario\Local Sites\holamundo\app\public\wp-content\plugins\updraftplus\backup.php on line 3997
[28-Jul-2022 10:52:23 UTC] PHP Stack trace:
[28-Jul-2022 10:52:23 UTC] PHP   1. {main}() C:\Users\Usuario\Local Sites\holamundo\app\public\wp-admin\admin-ajax.php:0
[28-Jul-2022 10:52:23 UTC] PHP   2. do_action() C:\Users\Usuario\Local Sites\holamundo\app\public\wp-admin\admin-ajax.php:187
[28-Jul-2022 10:52:23 UTC] PHP   3. WP_Hook->do_action() C:\Users\Usuario\Local Sites\holamundo\app\public\wp-includes\plugin.php:476
[28-Jul-2022 10:52:23 UTC] PHP   4. WP_Hook->apply_filters() C:\Users\Usuario\Local Sites\holamundo\app\public\wp-includes\class-wp-hook.php:331
[28-Jul-2022 10:52:23 UTC] PHP   5. UpdraftPlus_Admin->updraft_ajax_handler() C:\Users\Usuario\Local Sites\holamundo\app\public\wp-includes\class-wp-hook.php:307
[28-Jul-2022 10:52:23 UTC] PHP   6. UpdraftPlus_WPAdmin_Commands->backupnow() C:\Users\Usuario\Local Sites\holamundo\app\public\wp-content\plugins\updraftplus\admin.php:1692
[28-Jul-2022 10:52:23 UTC] PHP   7. UpdraftPlus_Admin->request_backupnow() C:\Users\Usuario\Local Sites\holamundo\app\public\wp-content\plugins\updraftplus\includes\class-commands.php:131
[28-Jul-2022 10:52:23 UTC] PHP   8. do_action() C:\Users\Usuario\Local Sites\holamundo\app\public\wp-content\plugins\updraftplus\admin.php:2394
[28-Jul-2022 10:52:23 UTC] PHP   9. WP_Hook->do_action() C:\Users\Usuario\Local Sites\holamundo\app\public\wp-includes\plugin.php:476
[28-Jul-2022 10:52:23 UTC] PHP  10. WP_Hook->apply_filters() C:\Users\Usuario\Local Sites\holamundo\app\public\wp-includes\class-wp-hook.php:331
[28-Jul-2022 10:52:23 UTC] PHP  11. UpdraftPlus->backup_all() C:\Users\Usuario\Local Sites\holamundo\app\public\wp-includes\class-wp-hook.php:307
[28-Jul-2022 10:52:23 UTC] PHP  12. UpdraftPlus->boot_backup() C:\Users\Usuario\Local Sites\holamundo\app\public\wp-content\plugins\updraftplus\class-updraftplus.php:3000
[28-Jul-2022 10:52:23 UTC] PHP  13. UpdraftPlus->backup_resume() C:\Users\Usuario\Local Sites\holamundo\app\public\wp-content\plugins\updraftplus\class-updraftplus.php:3449
[28-Jul-2022 10:52:23 UTC] PHP  14. UpdraftPlus_Backup->resumable_backup_of_files() C:\Users\Usuario\Local Sites\holamundo\app\public\wp-content\plugins\updraftplus\class-updraftplus.php:2443
[28-Jul-2022 10:52:23 UTC] PHP  15. UpdraftPlus_Backup->backup_dirs() C:\Users\Usuario\Local Sites\holamundo\app\public\wp-content\plugins\updraftplus\backup.php:1482
[28-Jul-2022 10:52:23 UTC] PHP  16. UpdraftPlus_Backup->create_zip() C:\Users\Usuario\Local Sites\holamundo\app\public\wp-content\plugins\updraftplus\backup.php:1425
[28-Jul-2022 10:52:23 UTC] PHP  17. UpdraftPlus_Backup->make_zipfile() C:\Users\Usuario\Local Sites\holamundo\app\public\wp-content\plugins\updraftplus\backup.php:309
[28-Jul-2022 10:52:23 UTC] PHP  18. UpdraftPlus_Backup->makezip_addfiles() C:\Users\Usuario\Local Sites\holamundo\app\public\wp-content\plugins\updraftplus\backup.php:3605
[28-Jul-2022 10:52:23 UTC] PHP  19. UpdraftPlus_ZipArchive->close() C:\Users\Usuario\Local Sites\holamundo\app\public\wp-content\plugins\updraftplus\backup.php:3997
[01-Aug-2022 10:44:58 UTC] PHP Warning:  ZipArchive::close(): Renaming temporary file failed: Permission denied in C:\Users\Usuario\Local Sites\holamundo\app\public\wp-content\plugins\updraftplus\backup.php on line 3997
[01-Aug-2022 10:44:58 UTC] PHP Stack trace:
[01-Aug-2022 10:44:58 UTC] PHP   1. {main}() C:\Users\Usuario\Local Sites\holamundo\app\public\wp-admin\admin-ajax.php:0
[01-Aug-2022 10:44:58 UTC] PHP   2. do_action() C:\Users\Usuario\Local Sites\holamundo\app\public\wp-admin\admin-ajax.php:187
[01-Aug-2022 10:44:58 UTC] PHP   3. WP_Hook->do_action() C:\Users\Usuario\Local Sites\holamundo\app\public\wp-includes\plugin.php:476
[01-Aug-2022 10:44:58 UTC] PHP   4. WP_Hook->apply_filters() C:\Users\Usuario\Local Sites\holamundo\app\public\wp-includes\class-wp-hook.php:331
[01-Aug-2022 10:44:58 UTC] PHP   5. UpdraftPlus_Admin->updraft_ajax_handler() C:\Users\Usuario\Local Sites\holamundo\app\public\wp-includes\class-wp-hook.php:307
[01-Aug-2022 10:44:58 UTC] PHP   6. UpdraftPlus_WPAdmin_Commands->backupnow() C:\Users\Usuario\Local Sites\holamundo\app\public\wp-content\plugins\updraftplus\admin.php:1692
[01-Aug-2022 10:44:58 UTC] PHP   7. UpdraftPlus_Admin->request_backupnow() C:\Users\Usuario\Local Sites\holamundo\app\public\wp-content\plugins\updraftplus\includes\class-commands.php:131
[01-Aug-2022 10:44:58 UTC] PHP   8. do_action() C:\Users\Usuario\Local Sites\holamundo\app\public\wp-content\plugins\updraftplus\admin.php:2394
[01-Aug-2022 10:44:58 UTC] PHP   9. WP_Hook->do_action() C:\Users\Usuario\Local Sites\holamundo\app\public\wp-includes\plugin.php:476
[01-Aug-2022 10:44:58 UTC] PHP  10. WP_Hook->apply_filters() C:\Users\Usuario\Local Sites\holamundo\app\public\wp-includes\class-wp-hook.php:331
[01-Aug-2022 10:44:58 UTC] PHP  11. UpdraftPlus->backup_all() C:\Users\Usuario\Local Sites\holamundo\app\public\wp-includes\class-wp-hook.php:307
[01-Aug-2022 10:44:58 UTC] PHP  12. UpdraftPlus->boot_backup() C:\Users\Usuario\Local Sites\holamundo\app\public\wp-content\plugins\updraftplus\class-updraftplus.php:3000
[01-Aug-2022 10:44:58 UTC] PHP  13. UpdraftPlus->backup_resume() C:\Users\Usuario\Local Sites\holamundo\app\public\wp-content\plugins\updraftplus\class-updraftplus.php:3449
[01-Aug-2022 10:44:58 UTC] PHP  14. UpdraftPlus_Backup->resumable_backup_of_files() C:\Users\Usuario\Local Sites\holamundo\app\public\wp-content\plugins\updraftplus\class-updraftplus.php:2443
[01-Aug-2022 10:44:58 UTC] PHP  15. UpdraftPlus_Backup->backup_dirs() C:\Users\Usuario\Local Sites\holamundo\app\public\wp-content\plugins\updraftplus\backup.php:1482
[01-Aug-2022 10:44:58 UTC] PHP  16. UpdraftPlus_Backup->create_zip() C:\Users\Usuario\Local Sites\holamundo\app\public\wp-content\plugins\updraftplus\backup.php:1425
[01-Aug-2022 10:44:58 UTC] PHP  17. UpdraftPlus_Backup->make_zipfile() C:\Users\Usuario\Local Sites\holamundo\app\public\wp-content\plugins\updraftplus\backup.php:309
[01-Aug-2022 10:44:58 UTC] PHP  18. UpdraftPlus_Backup->makezip_addfiles() C:\Users\Usuario\Local Sites\holamundo\app\public\wp-content\plugins\updraftplus\backup.php:3605
[01-Aug-2022 10:44:58 UTC] PHP  19. UpdraftPlus_ZipArchive->close() C:\Users\Usuario\Local Sites\holamundo\app\public\wp-content\plugins\updraftplus\backup.php:3997
[01-Aug-2022 10:45:08 UTC] PHP Warning:  ZipArchive::close(): Renaming temporary file failed: Permission denied in C:\Users\Usuario\Local Sites\holamundo\app\public\wp-content\plugins\updraftplus\backup.php on line 3997
[01-Aug-2022 10:45:08 UTC] PHP Stack trace:
[01-Aug-2022 10:45:08 UTC] PHP   1. {main}() C:\Users\Usuario\Local Sites\holamundo\app\public\wp-admin\admin-ajax.php:0
[01-Aug-2022 10:45:08 UTC] PHP   2. do_action() C:\Users\Usuario\Local Sites\holamundo\app\public\wp-admin\admin-ajax.php:187
[01-Aug-2022 10:45:08 UTC] PHP   3. WP_Hook->do_action() C:\Users\Usuario\Local Sites\holamundo\app\public\wp-includes\plugin.php:476
[01-Aug-2022 10:45:08 UTC] PHP   4. WP_Hook->apply_filters() C:\Users\Usuario\Local Sites\holamundo\app\public\wp-includes\class-wp-hook.php:331
[01-Aug-2022 10:45:08 UTC] PHP   5. UpdraftPlus_Admin->updraft_ajax_handler() C:\Users\Usuario\Local Sites\holamundo\app\public\wp-includes\class-wp-hook.php:307
[01-Aug-2022 10:45:08 UTC] PHP   6. UpdraftPlus_WPAdmin_Commands->backupnow() C:\Users\Usuario\Local Sites\holamundo\app\public\wp-content\plugins\updraftplus\admin.php:1692
[01-Aug-2022 10:45:08 UTC] PHP   7. UpdraftPlus_Admin->request_backupnow() C:\Users\Usuario\Local Sites\holamundo\app\public\wp-content\plugins\updraftplus\includes\class-commands.php:131
[01-Aug-2022 10:45:08 UTC] PHP   8. do_action() C:\Users\Usuario\Local Sites\holamundo\app\public\wp-content\plugins\updraftplus\admin.php:2394
[01-Aug-2022 10:45:08 UTC] PHP   9. WP_Hook->do_action() C:\Users\Usuario\Local Sites\holamundo\app\public\wp-includes\plugin.php:476
[01-Aug-2022 10:45:08 UTC] PHP  10. WP_Hook->apply_filters() C:\Users\Usuario\Local Sites\holamundo\app\public\wp-includes\class-wp-hook.php:331
[01-Aug-2022 10:45:08 UTC] PHP  11. UpdraftPlus->backup_all() C:\Users\Usuario\Local Sites\holamundo\app\public\wp-includes\class-wp-hook.php:307
[01-Aug-2022 10:45:08 UTC] PHP  12. UpdraftPlus->boot_backup() C:\Users\Usuario\Local Sites\holamundo\app\public\wp-content\plugins\updraftplus\class-updraftplus.php:3000
[01-Aug-2022 10:45:08 UTC] PHP  13. UpdraftPlus->backup_resume() C:\Users\Usuario\Local Sites\holamundo\app\public\wp-content\plugins\updraftplus\class-updraftplus.php:3449
[01-Aug-2022 10:45:08 UTC] PHP  14. UpdraftPlus_Backup->resumable_backup_of_files() C:\Users\Usuario\Local Sites\holamundo\app\public\wp-content\plugins\updraftplus\class-updraftplus.php:2443
[01-Aug-2022 10:45:08 UTC] PHP  15. UpdraftPlus_Backup->backup_dirs() C:\Users\Usuario\Local Sites\holamundo\app\public\wp-content\plugins\updraftplus\backup.php:1482
[01-Aug-2022 10:45:08 UTC] PHP  16. UpdraftPlus_Backup->create_zip() C:\Users\Usuario\Local Sites\holamundo\app\public\wp-content\plugins\updraftplus\backup.php:1425
[01-Aug-2022 10:45:08 UTC] PHP  17. UpdraftPlus_Backup->make_zipfile() C:\Users\Usuario\Local Sites\holamundo\app\public\wp-content\plugins\updraftplus\backup.php:309
[01-Aug-2022 10:45:08 UTC] PHP  18. UpdraftPlus_Backup->makezip_addfiles() C:\Users\Usuario\Local Sites\holamundo\app\public\wp-content\plugins\updraftplus\backup.php:3605
[01-Aug-2022 10:45:08 UTC] PHP  19. UpdraftPlus_ZipArchive->close() C:\Users\Usuario\Local Sites\holamundo\app\public\wp-content\plugins\updraftplus\backup.php:3997
[01-Aug-2022 10:45:18 UTC] PHP Warning:  ZipArchive::close(): Renaming temporary file failed: No error in C:\Users\Usuario\Local Sites\holamundo\app\public\wp-content\plugins\updraftplus\backup.php on line 3997
[01-Aug-2022 10:45:18 UTC] PHP Stack trace:
[01-Aug-2022 10:45:18 UTC] PHP   1. {main}() C:\Users\Usuario\Local Sites\holamundo\app\public\wp-admin\admin-ajax.php:0
[01-Aug-2022 10:45:18 UTC] PHP   2. do_action() C:\Users\Usuario\Local Sites\holamundo\app\public\wp-admin\admin-ajax.php:187
[01-Aug-2022 10:45:18 UTC] PHP   3. WP_Hook->do_action() C:\Users\Usuario\Local Sites\holamundo\app\public\wp-includes\plugin.php:476
[01-Aug-2022 10:45:18 UTC] PHP   4. WP_Hook->apply_filters() C:\Users\Usuario\Local Sites\holamundo\app\public\wp-includes\class-wp-hook.php:331
[01-Aug-2022 10:45:18 UTC] PHP   5. UpdraftPlus_Admin->updraft_ajax_handler() C:\Users\Usuario\Local Sites\holamundo\app\public\wp-includes\class-wp-hook.php:307
[01-Aug-2022 10:45:18 UTC] PHP   6. UpdraftPlus_WPAdmin_Commands->backupnow() C:\Users\Usuario\Local Sites\holamundo\app\public\wp-content\plugins\updraftplus\admin.php:1692
[01-Aug-2022 10:45:18 UTC] PHP   7. UpdraftPlus_Admin->request_backupnow() C:\Users\Usuario\Local Sites\holamundo\app\public\wp-content\plugins\updraftplus\includes\class-commands.php:131
[01-Aug-2022 10:45:18 UTC] PHP   8. do_action() C:\Users\Usuario\Local Sites\holamundo\app\public\wp-content\plugins\updraftplus\admin.php:2394
[01-Aug-2022 10:45:18 UTC] PHP   9. WP_Hook->do_action() C:\Users\Usuario\Local Sites\holamundo\app\public\wp-includes\plugin.php:476
[01-Aug-2022 10:45:18 UTC] PHP  10. WP_Hook->apply_filters() C:\Users\Usuario\Local Sites\holamundo\app\public\wp-includes\class-wp-hook.php:331
[01-Aug-2022 10:45:18 UTC] PHP  11. UpdraftPlus->backup_all() C:\Users\Usuario\Local Sites\holamundo\app\public\wp-includes\class-wp-hook.php:307
[01-Aug-2022 10:45:18 UTC] PHP  12. UpdraftPlus->boot_backup() C:\Users\Usuario\Local Sites\holamundo\app\public\wp-content\plugins\updraftplus\class-updraftplus.php:3000
[01-Aug-2022 10:45:18 UTC] PHP  13. UpdraftPlus->backup_resume() C:\Users\Usuario\Local Sites\holamundo\app\public\wp-content\plugins\updraftplus\class-updraftplus.php:3449
[01-Aug-2022 10:45:18 UTC] PHP  14. UpdraftPlus_Backup->resumable_backup_of_files() C:\Users\Usuario\Local Sites\holamundo\app\public\wp-content\plugins\updraftplus\class-updraftplus.php:2443
[01-Aug-2022 10:45:18 UTC] PHP  15. UpdraftPlus_Backup->backup_dirs() C:\Users\Usuario\Local Sites\holamundo\app\public\wp-content\plugins\updraftplus\backup.php:1482
[01-Aug-2022 10:45:18 UTC] PHP  16. UpdraftPlus_Backup->create_zip() C:\Users\Usuario\Local Sites\holamundo\app\public\wp-content\plugins\updraftplus\backup.php:1425
[01-Aug-2022 10:45:18 UTC] PHP  17. UpdraftPlus_Backup->make_zipfile() C:\Users\Usuario\Local Sites\holamundo\app\public\wp-content\plugins\updraftplus\backup.php:309
[01-Aug-2022 10:45:18 UTC] PHP  18. UpdraftPlus_Backup->makezip_addfiles() C:\Users\Usuario\Local Sites\holamundo\app\public\wp-content\plugins\updraftplus\backup.php:3605
[01-Aug-2022 10:45:18 UTC] PHP  19. UpdraftPlus_ZipArchive->close() C:\Users\Usuario\Local Sites\holamundo\app\public\wp-content\plugins\updraftplus\backup.php:3997
[01-Aug-2022 10:52:09 UTC] PHP Warning:  ZipArchive::close(): Renaming temporary file failed: Permission denied in C:\Users\Usuario\Local Sites\holamundo\app\public\wp-content\plugins\updraftplus\backup.php on line 3997
[01-Aug-2022 10:52:09 UTC] PHP Stack trace:
[01-Aug-2022 10:52:09 UTC] PHP   1. {main}() C:\Users\Usuario\Local Sites\holamundo\app\public\wp-admin\admin-ajax.php:0
[01-Aug-2022 10:52:09 UTC] PHP   2. do_action() C:\Users\Usuario\Local Sites\holamundo\app\public\wp-admin\admin-ajax.php:187
[01-Aug-2022 10:52:09 UTC] PHP   3. WP_Hook->do_action() C:\Users\Usuario\Local Sites\holamundo\app\public\wp-includes\plugin.php:476
[01-Aug-2022 10:52:09 UTC] PHP   4. WP_Hook->apply_filters() C:\Users\Usuario\Local Sites\holamundo\app\public\wp-includes\class-wp-hook.php:331
[01-Aug-2022 10:52:09 UTC] PHP   5. UpdraftPlus_Admin->updraft_ajax_handler() C:\Users\Usuario\Local Sites\holamundo\app\public\wp-includes\class-wp-hook.php:307
[01-Aug-2022 10:52:09 UTC] PHP   6. UpdraftPlus_WPAdmin_Commands->backupnow() C:\Users\Usuario\Local Sites\holamundo\app\public\wp-content\plugins\updraftplus\admin.php:1692
[01-Aug-2022 10:52:09 UTC] PHP   7. UpdraftPlus_Admin->request_backupnow() C:\Users\Usuario\Local Sites\holamundo\app\public\wp-content\plugins\updraftplus\includes\class-commands.php:131
[01-Aug-2022 10:52:09 UTC] PHP   8. do_action() C:\Users\Usuario\Local Sites\holamundo\app\public\wp-content\plugins\updraftplus\admin.php:2394
[01-Aug-2022 10:52:09 UTC] PHP   9. WP_Hook->do_action() C:\Users\Usuario\Local Sites\holamundo\app\public\wp-includes\plugin.php:476
[01-Aug-2022 10:52:09 UTC] PHP  10. WP_Hook->apply_filters() C:\Users\Usuario\Local Sites\holamundo\app\public\wp-includes\class-wp-hook.php:331
[01-Aug-2022 10:52:09 UTC] PHP  11. UpdraftPlus->backup_all() C:\Users\Usuario\Local Sites\holamundo\app\public\wp-includes\class-wp-hook.php:307
[01-Aug-2022 10:52:09 UTC] PHP  12. UpdraftPlus->boot_backup() C:\Users\Usuario\Local Sites\holamundo\app\public\wp-content\plugins\updraftplus\class-updraftplus.php:3000
[01-Aug-2022 10:52:09 UTC] PHP  13. UpdraftPlus->backup_resume() C:\Users\Usuario\Local Sites\holamundo\app\public\wp-content\plugins\updraftplus\class-updraftplus.php:3449
[01-Aug-2022 10:52:09 UTC] PHP  14. UpdraftPlus_Backup->resumable_backup_of_files() C:\Users\Usuario\Local Sites\holamundo\app\public\wp-content\plugins\updraftplus\class-updraftplus.php:2443
[01-Aug-2022 10:52:09 UTC] PHP  15. UpdraftPlus_Backup->backup_dirs() C:\Users\Usuario\Local Sites\holamundo\app\public\wp-content\plugins\updraftplus\backup.php:1482
[01-Aug-2022 10:52:09 UTC] PHP  16. UpdraftPlus_Backup->create_zip() C:\Users\Usuario\Local Sites\holamundo\app\public\wp-content\plugins\updraftplus\backup.php:1425
[01-Aug-2022 10:52:09 UTC] PHP  17. UpdraftPlus_Backup->make_zipfile() C:\Users\Usuario\Local Sites\holamundo\app\public\wp-content\plugins\updraftplus\backup.php:309
[01-Aug-2022 10:52:09 UTC] PHP  18. UpdraftPlus_Backup->makezip_addfiles() C:\Users\Usuario\Local Sites\holamundo\app\public\wp-content\plugins\updraftplus\backup.php:3605
[01-Aug-2022 10:52:09 UTC] PHP  19. UpdraftPlus_ZipArchive->close() C:\Users\Usuario\Local Sites\holamundo\app\public\wp-content\plugins\updraftplus\backup.php:3997
[02-Aug-2022 09:24:03 UTC] PHP Warning:  ZipArchive::close(): Renaming temporary file failed: Permission denied in C:\Users\Usuario\Local Sites\holamundo\app\public\wp-content\plugins\updraftplus\backup.php on line 3997
[02-Aug-2022 09:24:03 UTC] PHP Stack trace:
[02-Aug-2022 09:24:03 UTC] PHP   1. {main}() C:\Users\Usuario\Local Sites\holamundo\app\public\wp-admin\admin-ajax.php:0
[02-Aug-2022 09:24:03 UTC] PHP   2. do_action() C:\Users\Usuario\Local Sites\holamundo\app\public\wp-admin\admin-ajax.php:187
[02-Aug-2022 09:24:03 UTC] PHP   3. WP_Hook->do_action() C:\Users\Usuario\Local Sites\holamundo\app\public\wp-includes\plugin.php:476
[02-Aug-2022 09:24:03 UTC] PHP   4. WP_Hook->apply_filters() C:\Users\Usuario\Local Sites\holamundo\app\public\wp-includes\class-wp-hook.php:331
[02-Aug-2022 09:24:03 UTC] PHP   5. UpdraftPlus_Admin->updraft_ajax_handler() C:\Users\Usuario\Local Sites\holamundo\app\public\wp-includes\class-wp-hook.php:307
[02-Aug-2022 09:24:03 UTC] PHP   6. UpdraftPlus_WPAdmin_Commands->backupnow() C:\Users\Usuario\Local Sites\holamundo\app\public\wp-content\plugins\updraftplus\admin.php:1692
[02-Aug-2022 09:24:03 UTC] PHP   7. UpdraftPlus_Admin->request_backupnow() C:\Users\Usuario\Local Sites\holamundo\app\public\wp-content\plugins\updraftplus\includes\class-commands.php:131
[02-Aug-2022 09:24:03 UTC] PHP   8. do_action() C:\Users\Usuario\Local Sites\holamundo\app\public\wp-content\plugins\updraftplus\admin.php:2394
[02-Aug-2022 09:24:03 UTC] PHP   9. WP_Hook->do_action() C:\Users\Usuario\Local Sites\holamundo\app\public\wp-includes\plugin.php:476
[02-Aug-2022 09:24:03 UTC] PHP  10. WP_Hook->apply_filters() C:\Users\Usuario\Local Sites\holamundo\app\public\wp-includes\class-wp-hook.php:331
[02-Aug-2022 09:24:03 UTC] PHP  11. UpdraftPlus->backup_all() C:\Users\Usuario\Local Sites\holamundo\app\public\wp-includes\class-wp-hook.php:307
[02-Aug-2022 09:24:03 UTC] PHP  12. UpdraftPlus->boot_backup() C:\Users\Usuario\Local Sites\holamundo\app\public\wp-content\plugins\updraftplus\class-updraftplus.php:3000
[02-Aug-2022 09:24:03 UTC] PHP  13. UpdraftPlus->backup_resume() C:\Users\Usuario\Local Sites\holamundo\app\public\wp-content\plugins\updraftplus\class-updraftplus.php:3449
[02-Aug-2022 09:24:03 UTC] PHP  14. UpdraftPlus_Backup->resumable_backup_of_files() C:\Users\Usuario\Local Sites\holamundo\app\public\wp-content\plugins\updraftplus\class-updraftplus.php:2443
[02-Aug-2022 09:24:03 UTC] PHP  15. UpdraftPlus_Backup->backup_dirs() C:\Users\Usuario\Local Sites\holamundo\app\public\wp-content\plugins\updraftplus\backup.php:1482
[02-Aug-2022 09:24:03 UTC] PHP  16. UpdraftPlus_Backup->create_zip() C:\Users\Usuario\Local Sites\holamundo\app\public\wp-content\plugins\updraftplus\backup.php:1425
[02-Aug-2022 09:24:03 UTC] PHP  17. UpdraftPlus_Backup->make_zipfile() C:\Users\Usuario\Local Sites\holamundo\app\public\wp-content\plugins\updraftplus\backup.php:309
[02-Aug-2022 09:24:03 UTC] PHP  18. UpdraftPlus_Backup->makezip_addfiles() C:\Users\Usuario\Local Sites\holamundo\app\public\wp-content\plugins\updraftplus\backup.php:3605
[02-Aug-2022 09:24:03 UTC] PHP  19. UpdraftPlus_ZipArchive->close() C:\Users\Usuario\Local Sites\holamundo\app\public\wp-content\plugins\updraftplus\backup.php:3997
[02-Aug-2022 09:25:10 UTC] PHP Warning:  ZipArchive::close(): Renaming temporary file failed: No error in C:\Users\Usuario\Local Sites\holamundo\app\public\wp-content\plugins\updraftplus\backup.php on line 3997
[02-Aug-2022 09:25:10 UTC] PHP Stack trace:
[02-Aug-2022 09:25:10 UTC] PHP   1. {main}() C:\Users\Usuario\Local Sites\holamundo\app\public\wp-admin\admin-ajax.php:0
[02-Aug-2022 09:25:10 UTC] PHP   2. do_action() C:\Users\Usuario\Local Sites\holamundo\app\public\wp-admin\admin-ajax.php:187
[02-Aug-2022 09:25:10 UTC] PHP   3. WP_Hook->do_action() C:\Users\Usuario\Local Sites\holamundo\app\public\wp-includes\plugin.php:476
[02-Aug-2022 09:25:10 UTC] PHP   4. WP_Hook->apply_filters() C:\Users\Usuario\Local Sites\holamundo\app\public\wp-includes\class-wp-hook.php:331
[02-Aug-2022 09:25:10 UTC] PHP   5. UpdraftPlus_Admin->updraft_ajax_handler() C:\Users\Usuario\Local Sites\holamundo\app\public\wp-includes\class-wp-hook.php:307
[02-Aug-2022 09:25:10 UTC] PHP   6. UpdraftPlus_WPAdmin_Commands->backupnow() C:\Users\Usuario\Local Sites\holamundo\app\public\wp-content\plugins\updraftplus\admin.php:1692
[02-Aug-2022 09:25:10 UTC] PHP   7. UpdraftPlus_Admin->request_backupnow() C:\Users\Usuario\Local Sites\holamundo\app\public\wp-content\plugins\updraftplus\includes\class-commands.php:131
[02-Aug-2022 09:25:10 UTC] PHP   8. do_action() C:\Users\Usuario\Local Sites\holamundo\app\public\wp-content\plugins\updraftplus\admin.php:2394
[02-Aug-2022 09:25:10 UTC] PHP   9. WP_Hook->do_action() C:\Users\Usuario\Local Sites\holamundo\app\public\wp-includes\plugin.php:476
[02-Aug-2022 09:25:10 UTC] PHP  10. WP_Hook->apply_filters() C:\Users\Usuario\Local Sites\holamundo\app\public\wp-includes\class-wp-hook.php:331
[02-Aug-2022 09:25:10 UTC] PHP  11. UpdraftPlus->backup_all() C:\Users\Usuario\Local Sites\holamundo\app\public\wp-includes\class-wp-hook.php:307
[02-Aug-2022 09:25:10 UTC] PHP  12. UpdraftPlus->boot_backup() C:\Users\Usuario\Local Sites\holamundo\app\public\wp-content\plugins\updraftplus\class-updraftplus.php:3000
[02-Aug-2022 09:25:10 UTC] PHP  13. UpdraftPlus->backup_resume() C:\Users\Usuario\Local Sites\holamundo\app\public\wp-content\plugins\updraftplus\class-updraftplus.php:3449
[02-Aug-2022 09:25:10 UTC] PHP  14. UpdraftPlus_Backup->resumable_backup_of_files() C:\Users\Usuario\Local Sites\holamundo\app\public\wp-content\plugins\updraftplus\class-updraftplus.php:2443
[02-Aug-2022 09:25:10 UTC] PHP  15. UpdraftPlus_Backup->backup_dirs() C:\Users\Usuario\Local Sites\holamundo\app\public\wp-content\plugins\updraftplus\backup.php:1482
[02-Aug-2022 09:25:10 UTC] PHP  16. UpdraftPlus_Backup->create_zip() C:\Users\Usuario\Local Sites\holamundo\app\public\wp-content\plugins\updraftplus\backup.php:1425
[02-Aug-2022 09:25:10 UTC] PHP  17. UpdraftPlus_Backup->make_zipfile() C:\Users\Usuario\Local Sites\holamundo\app\public\wp-content\plugins\updraftplus\backup.php:309
[02-Aug-2022 09:25:10 UTC] PHP  18. UpdraftPlus_Backup->makezip_addfiles() C:\Users\Usuario\Local Sites\holamundo\app\public\wp-content\plugins\updraftplus\backup.php:3605
[02-Aug-2022 09:25:10 UTC] PHP  19. UpdraftPlus_ZipArchive->close() C:\Users\Usuario\Local Sites\holamundo\app\public\wp-content\plugins\updraftplus\backup.php:3997
[02-Aug-2022 09:25:28 UTC] PHP Warning:  ZipArchive::close(): Renaming temporary file failed: No error in C:\Users\Usuario\Local Sites\holamundo\app\public\wp-content\plugins\updraftplus\backup.php on line 4194
[02-Aug-2022 09:25:28 UTC] PHP Stack trace:
[02-Aug-2022 09:25:28 UTC] PHP   1. {main}() C:\Users\Usuario\Local Sites\holamundo\app\public\wp-admin\admin-ajax.php:0
[02-Aug-2022 09:25:28 UTC] PHP   2. do_action() C:\Users\Usuario\Local Sites\holamundo\app\public\wp-admin\admin-ajax.php:187
[02-Aug-2022 09:25:28 UTC] PHP   3. WP_Hook->do_action() C:\Users\Usuario\Local Sites\holamundo\app\public\wp-includes\plugin.php:476
[02-Aug-2022 09:25:28 UTC] PHP   4. WP_Hook->apply_filters() C:\Users\Usuario\Local Sites\holamundo\app\public\wp-includes\class-wp-hook.php:331
[02-Aug-2022 09:25:28 UTC] PHP   5. UpdraftPlus_Admin->updraft_ajax_handler() C:\Users\Usuario\Local Sites\holamundo\app\public\wp-includes\class-wp-hook.php:307
[02-Aug-2022 09:25:28 UTC] PHP   6. UpdraftPlus_WPAdmin_Commands->backupnow() C:\Users\Usuario\Local Sites\holamundo\app\public\wp-content\plugins\updraftplus\admin.php:1692
[02-Aug-2022 09:25:28 UTC] PHP   7. UpdraftPlus_Admin->request_backupnow() C:\Users\Usuario\Local Sites\holamundo\app\public\wp-content\plugins\updraftplus\includes\class-commands.php:131
[02-Aug-2022 09:25:28 UTC] PHP   8. do_action() C:\Users\Usuario\Local Sites\holamundo\app\public\wp-content\plugins\updraftplus\admin.php:2394
[02-Aug-2022 09:25:28 UTC] PHP   9. WP_Hook->do_action() C:\Users\Usuario\Local Sites\holamundo\app\public\wp-includes\plugin.php:476
[02-Aug-2022 09:25:28 UTC] PHP  10. WP_Hook->apply_filters() C:\Users\Usuario\Local Sites\holamundo\app\public\wp-includes\class-wp-hook.php:331
[02-Aug-2022 09:25:28 UTC] PHP  11. UpdraftPlus->backup_all() C:\Users\Usuario\Local Sites\holamundo\app\public\wp-includes\class-wp-hook.php:307
[02-Aug-2022 09:25:28 UTC] PHP  12. UpdraftPlus->boot_backup() C:\Users\Usuario\Local Sites\holamundo\app\public\wp-content\plugins\updraftplus\class-updraftplus.php:3000
[02-Aug-2022 09:25:28 UTC] PHP  13. UpdraftPlus->backup_resume() C:\Users\Usuario\Local Sites\holamundo\app\public\wp-content\plugins\updraftplus\class-updraftplus.php:3449
[02-Aug-2022 09:25:28 UTC] PHP  14. UpdraftPlus_Backup->resumable_backup_of_files() C:\Users\Usuario\Local Sites\holamundo\app\public\wp-content\plugins\updraftplus\class-updraftplus.php:2443
[02-Aug-2022 09:25:28 UTC] PHP  15. UpdraftPlus_Backup->backup_dirs() C:\Users\Usuario\Local Sites\holamundo\app\public\wp-content\plugins\updraftplus\backup.php:1482
[02-Aug-2022 09:25:28 UTC] PHP  16. UpdraftPlus_Backup->create_zip() C:\Users\Usuario\Local Sites\holamundo\app\public\wp-content\plugins\updraftplus\backup.php:1425
[02-Aug-2022 09:25:28 UTC] PHP  17. UpdraftPlus_Backup->make_zipfile() C:\Users\Usuario\Local Sites\holamundo\app\public\wp-content\plugins\updraftplus\backup.php:309
[02-Aug-2022 09:25:28 UTC] PHP  18. UpdraftPlus_Backup->makezip_addfiles() C:\Users\Usuario\Local Sites\holamundo\app\public\wp-content\plugins\updraftplus\backup.php:3605
[02-Aug-2022 09:25:28 UTC] PHP  19. UpdraftPlus_ZipArchive->close() C:\Users\Usuario\Local Sites\holamundo\app\public\wp-content\plugins\updraftplus\backup.php:4194
[05-Aug-2022 10:11:20 UTC] PHP Warning:  ZipArchive::close(): Read error: No such file or directory in C:\Users\Usuario\Local Sites\holamundo\app\public\wp-content\plugins\updraftplus\backup.php on line 4194
[05-Aug-2022 10:11:20 UTC] PHP Stack trace:
[05-Aug-2022 10:11:20 UTC] PHP   1. {main}() C:\Users\Usuario\Local Sites\holamundo\app\public\wp-admin\admin-ajax.php:0
[05-Aug-2022 10:11:20 UTC] PHP   2. do_action() C:\Users\Usuario\Local Sites\holamundo\app\public\wp-admin\admin-ajax.php:187
[05-Aug-2022 10:11:20 UTC] PHP   3. WP_Hook->do_action() C:\Users\Usuario\Local Sites\holamundo\app\public\wp-includes\plugin.php:476
[05-Aug-2022 10:11:20 UTC] PHP   4. WP_Hook->apply_filters() C:\Users\Usuario\Local Sites\holamundo\app\public\wp-includes\class-wp-hook.php:331
[05-Aug-2022 10:11:20 UTC] PHP   5. UpdraftPlus_Admin->updraft_ajax_handler() C:\Users\Usuario\Local Sites\holamundo\app\public\wp-includes\class-wp-hook.php:307
[05-Aug-2022 10:11:20 UTC] PHP   6. UpdraftPlus_WPAdmin_Commands->backupnow() C:\Users\Usuario\Local Sites\holamundo\app\public\wp-content\plugins\updraftplus\admin.php:1692
[05-Aug-2022 10:11:20 UTC] PHP   7. UpdraftPlus_Admin->request_backupnow() C:\Users\Usuario\Local Sites\holamundo\app\public\wp-content\plugins\updraftplus\includes\class-commands.php:131
[05-Aug-2022 10:11:20 UTC] PHP   8. do_action() C:\Users\Usuario\Local Sites\holamundo\app\public\wp-content\plugins\updraftplus\admin.php:2394
[05-Aug-2022 10:11:20 UTC] PHP   9. WP_Hook->do_action() C:\Users\Usuario\Local Sites\holamundo\app\public\wp-includes\plugin.php:476
[05-Aug-2022 10:11:20 UTC] PHP  10. WP_Hook->apply_filters() C:\Users\Usuario\Local Sites\holamundo\app\public\wp-includes\class-wp-hook.php:331
[05-Aug-2022 10:11:20 UTC] PHP  11. UpdraftPlus->backup_all() C:\Users\Usuario\Local Sites\holamundo\app\public\wp-includes\class-wp-hook.php:307
[05-Aug-2022 10:11:20 UTC] PHP  12. UpdraftPlus->boot_backup() C:\Users\Usuario\Local Sites\holamundo\app\public\wp-content\plugins\updraftplus\class-updraftplus.php:3000
[05-Aug-2022 10:11:20 UTC] PHP  13. UpdraftPlus->backup_resume() C:\Users\Usuario\Local Sites\holamundo\app\public\wp-content\plugins\updraftplus\class-updraftplus.php:3449
[05-Aug-2022 10:11:20 UTC] PHP  14. UpdraftPlus_Backup->resumable_backup_of_files() C:\Users\Usuario\Local Sites\holamundo\app\public\wp-content\plugins\updraftplus\class-updraftplus.php:2443
[05-Aug-2022 10:11:20 UTC] PHP  15. UpdraftPlus_Backup->backup_dirs() C:\Users\Usuario\Local Sites\holamundo\app\public\wp-content\plugins\updraftplus\backup.php:1482
[05-Aug-2022 10:11:20 UTC] PHP  16. UpdraftPlus_Backup->create_zip() C:\Users\Usuario\Local Sites\holamundo\app\public\wp-content\plugins\updraftplus\backup.php:1425
[05-Aug-2022 10:11:20 UTC] PHP  17. UpdraftPlus_Backup->make_zipfile() C:\Users\Usuario\Local Sites\holamundo\app\public\wp-content\plugins\updraftplus\backup.php:309
[05-Aug-2022 10:11:20 UTC] PHP  18. UpdraftPlus_Backup->makezip_addfiles() C:\Users\Usuario\Local Sites\holamundo\app\public\wp-content\plugins\updraftplus\backup.php:3605
[05-Aug-2022 10:11:20 UTC] PHP  19. UpdraftPlus_ZipArchive->close() C:\Users\Usuario\Local Sites\holamundo\app\public\wp-content\plugins\updraftplus\backup.php:4194
[09-Aug-2022 10:20:11 UTC] PHP Warning:  ZipArchive::close(): Read error: No such file or directory in C:\Users\Usuario\Local Sites\holamundo\app\public\wp-content\plugins\updraftplus\backup.php on line 4194
[09-Aug-2022 10:20:11 UTC] PHP Stack trace:
[09-Aug-2022 10:20:11 UTC] PHP   1. {main}() C:\Users\Usuario\Local Sites\holamundo\app\public\wp-admin\admin-ajax.php:0
[09-Aug-2022 10:20:11 UTC] PHP   2. do_action() C:\Users\Usuario\Local Sites\holamundo\app\public\wp-admin\admin-ajax.php:187
[09-Aug-2022 10:20:11 UTC] PHP   3. WP_Hook->do_action() C:\Users\Usuario\Local Sites\holamundo\app\public\wp-includes\plugin.php:476
[09-Aug-2022 10:20:11 UTC] PHP   4. WP_Hook->apply_filters() C:\Users\Usuario\Local Sites\holamundo\app\public\wp-includes\class-wp-hook.php:331
[09-Aug-2022 10:20:11 UTC] PHP   5. UpdraftPlus_Admin->updraft_ajax_handler() C:\Users\Usuario\Local Sites\holamundo\app\public\wp-includes\class-wp-hook.php:307
[09-Aug-2022 10:20:11 UTC] PHP   6. UpdraftPlus_WPAdmin_Commands->backupnow() C:\Users\Usuario\Local Sites\holamundo\app\public\wp-content\plugins\updraftplus\admin.php:1692
[09-Aug-2022 10:20:11 UTC] PHP   7. UpdraftPlus_Admin->request_backupnow() C:\Users\Usuario\Local Sites\holamundo\app\public\wp-content\plugins\updraftplus\includes\class-commands.php:131
[09-Aug-2022 10:20:11 UTC] PHP   8. do_action() C:\Users\Usuario\Local Sites\holamundo\app\public\wp-content\plugins\updraftplus\admin.php:2394
[09-Aug-2022 10:20:11 UTC] PHP   9. WP_Hook->do_action() C:\Users\Usuario\Local Sites\holamundo\app\public\wp-includes\plugin.php:476
[09-Aug-2022 10:20:11 UTC] PHP  10. WP_Hook->apply_filters() C:\Users\Usuario\Local Sites\holamundo\app\public\wp-includes\class-wp-hook.php:331
[09-Aug-2022 10:20:11 UTC] PHP  11. UpdraftPlus->backup_all() C:\Users\Usuario\Local Sites\holamundo\app\public\wp-includes\class-wp-hook.php:307
[09-Aug-2022 10:20:11 UTC] PHP  12. UpdraftPlus->boot_backup() C:\Users\Usuario\Local Sites\holamundo\app\public\wp-content\plugins\updraftplus\class-updraftplus.php:3000
[09-Aug-2022 10:20:11 UTC] PHP  13. UpdraftPlus->backup_resume() C:\Users\Usuario\Local Sites\holamundo\app\public\wp-content\plugins\updraftplus\class-updraftplus.php:3449
[09-Aug-2022 10:20:11 UTC] PHP  14. UpdraftPlus_Backup->resumable_backup_of_files() C:\Users\Usuario\Local Sites\holamundo\app\public\wp-content\plugins\updraftplus\class-updraftplus.php:2443
[09-Aug-2022 10:20:11 UTC] PHP  15. UpdraftPlus_Backup->backup_dirs() C:\Users\Usuario\Local Sites\holamundo\app\public\wp-content\plugins\updraftplus\backup.php:1482
[09-Aug-2022 10:20:11 UTC] PHP  16. UpdraftPlus_Backup->create_zip() C:\Users\Usuario\Local Sites\holamundo\app\public\wp-content\plugins\updraftplus\backup.php:1425
[09-Aug-2022 10:20:11 UTC] PHP  17. UpdraftPlus_Backup->make_zipfile() C:\Users\Usuario\Local Sites\holamundo\app\public\wp-content\plugins\updraftplus\backup.php:309
[09-Aug-2022 10:20:11 UTC] PHP  18. UpdraftPlus_Backup->makezip_addfiles() C:\Users\Usuario\Local Sites\holamundo\app\public\wp-content\plugins\updraftplus\backup.php:3605
[09-Aug-2022 10:20:11 UTC] PHP  19. UpdraftPlus_ZipArchive->close() C:\Users\Usuario\Local Sites\holamundo\app\public\wp-content\plugins\updraftplus\backup.php:4194
[09-Aug-2022 10:43:35 UTC] PHP Warning:  ZipArchive::close(): Read error: No such file or directory in C:\Users\Usuario\Local Sites\holamundo\app\public\wp-content\plugins\updraftplus\backup.php on line 4194
[09-Aug-2022 10:43:35 UTC] PHP Stack trace:
[09-Aug-2022 10:43:35 UTC] PHP   1. {main}() C:\Users\Usuario\Local Sites\holamundo\app\public\wp-admin\admin-ajax.php:0
[09-Aug-2022 10:43:35 UTC] PHP   2. do_action() C:\Users\Usuario\Local Sites\holamundo\app\public\wp-admin\admin-ajax.php:187
[09-Aug-2022 10:43:35 UTC] PHP   3. WP_Hook->do_action() C:\Users\Usuario\Local Sites\holamundo\app\public\wp-includes\plugin.php:476
[09-Aug-2022 10:43:35 UTC] PHP   4. WP_Hook->apply_filters() C:\Users\Usuario\Local Sites\holamundo\app\public\wp-includes\class-wp-hook.php:331
[09-Aug-2022 10:43:35 UTC] PHP   5. UpdraftPlus_Admin->updraft_ajax_handler() C:\Users\Usuario\Local Sites\holamundo\app\public\wp-includes\class-wp-hook.php:307
[09-Aug-2022 10:43:35 UTC] PHP   6. UpdraftPlus_WPAdmin_Commands->backupnow() C:\Users\Usuario\Local Sites\holamundo\app\public\wp-content\plugins\updraftplus\admin.php:1692
[09-Aug-2022 10:43:35 UTC] PHP   7. UpdraftPlus_Admin->request_backupnow() C:\Users\Usuario\Local Sites\holamundo\app\public\wp-content\plugins\updraftplus\includes\class-commands.php:131
[09-Aug-2022 10:43:35 UTC] PHP   8. do_action() C:\Users\Usuario\Local Sites\holamundo\app\public\wp-content\plugins\updraftplus\admin.php:2394
[09-Aug-2022 10:43:35 UTC] PHP   9. WP_Hook->do_action() C:\Users\Usuario\Local Sites\holamundo\app\public\wp-includes\plugin.php:476
[09-Aug-2022 10:43:35 UTC] PHP  10. WP_Hook->apply_filters() C:\Users\Usuario\Local Sites\holamundo\app\public\wp-includes\class-wp-hook.php:331
[09-Aug-2022 10:43:35 UTC] PHP  11. UpdraftPlus->backup_all() C:\Users\Usuario\Local Sites\holamundo\app\public\wp-includes\class-wp-hook.php:307
[09-Aug-2022 10:43:35 UTC] PHP  12. UpdraftPlus->boot_backup() C:\Users\Usuario\Local Sites\holamundo\app\public\wp-content\plugins\updraftplus\class-updraftplus.php:3000
[09-Aug-2022 10:43:35 UTC] PHP  13. UpdraftPlus->backup_resume() C:\Users\Usuario\Local Sites\holamundo\app\public\wp-content\plugins\updraftplus\class-updraftplus.php:3449
[09-Aug-2022 10:43:35 UTC] PHP  14. UpdraftPlus_Backup->resumable_backup_of_files() C:\Users\Usuario\Local Sites\holamundo\app\public\wp-content\plugins\updraftplus\class-updraftplus.php:2443
[09-Aug-2022 10:43:35 UTC] PHP  15. UpdraftPlus_Backup->backup_dirs() C:\Users\Usuario\Local Sites\holamundo\app\public\wp-content\plugins\updraftplus\backup.php:1482
[09-Aug-2022 10:43:35 UTC] PHP  16. UpdraftPlus_Backup->create_zip() C:\Users\Usuario\Local Sites\holamundo\app\public\wp-content\plugins\updraftplus\backup.php:1425
[09-Aug-2022 10:43:35 UTC] PHP  17. UpdraftPlus_Backup->make_zipfile() C:\Users\Usuario\Local Sites\holamundo\app\public\wp-content\plugins\updraftplus\backup.php:309
[09-Aug-2022 10:43:35 UTC] PHP  18. UpdraftPlus_Backup->makezip_addfiles() C:\Users\Usuario\Local Sites\holamundo\app\public\wp-content\plugins\updraftplus\backup.php:3605
[09-Aug-2022 10:43:35 UTC] PHP  19. UpdraftPlus_ZipArchive->close() C:\Users\Usuario\Local Sites\holamundo\app\public\wp-content\plugins\updraftplus\backup.php:4194
[10-Aug-2022 08:07:25 UTC] PHP Warning:  ZipArchive::close(): Read error: No such file or directory in C:\Users\Usuario\Local Sites\holamundo\app\public\wp-content\plugins\updraftplus\backup.php on line 4194
[10-Aug-2022 08:07:25 UTC] PHP Stack trace:
[10-Aug-2022 08:07:25 UTC] PHP   1. {main}() C:\Users\Usuario\Local Sites\holamundo\app\public\wp-admin\admin-ajax.php:0
[10-Aug-2022 08:07:25 UTC] PHP   2. do_action() C:\Users\Usuario\Local Sites\holamundo\app\public\wp-admin\admin-ajax.php:187
[10-Aug-2022 08:07:25 UTC] PHP   3. WP_Hook->do_action() C:\Users\Usuario\Local Sites\holamundo\app\public\wp-includes\plugin.php:476
[10-Aug-2022 08:07:25 UTC] PHP   4. WP_Hook->apply_filters() C:\Users\Usuario\Local Sites\holamundo\app\public\wp-includes\class-wp-hook.php:331
[10-Aug-2022 08:07:25 UTC] PHP   5. UpdraftPlus_Admin->updraft_ajax_handler() C:\Users\Usuario\Local Sites\holamundo\app\public\wp-includes\class-wp-hook.php:307
[10-Aug-2022 08:07:25 UTC] PHP   6. UpdraftPlus_WPAdmin_Commands->backupnow() C:\Users\Usuario\Local Sites\holamundo\app\public\wp-content\plugins\updraftplus\admin.php:1692
[10-Aug-2022 08:07:25 UTC] PHP   7. UpdraftPlus_Admin->request_backupnow() C:\Users\Usuario\Local Sites\holamundo\app\public\wp-content\plugins\updraftplus\includes\class-commands.php:131
[10-Aug-2022 08:07:25 UTC] PHP   8. do_action() C:\Users\Usuario\Local Sites\holamundo\app\public\wp-content\plugins\updraftplus\admin.php:2394
[10-Aug-2022 08:07:25 UTC] PHP   9. WP_Hook->do_action() C:\Users\Usuario\Local Sites\holamundo\app\public\wp-includes\plugin.php:476
[10-Aug-2022 08:07:25 UTC] PHP  10. WP_Hook->apply_filters() C:\Users\Usuario\Local Sites\holamundo\app\public\wp-includes\class-wp-hook.php:331
[10-Aug-2022 08:07:25 UTC] PHP  11. UpdraftPlus->backup_all() C:\Users\Usuario\Local Sites\holamundo\app\public\wp-includes\class-wp-hook.php:307
[10-Aug-2022 08:07:25 UTC] PHP  12. UpdraftPlus->boot_backup() C:\Users\Usuario\Local Sites\holamundo\app\public\wp-content\plugins\updraftplus\class-updraftplus.php:3000
[10-Aug-2022 08:07:25 UTC] PHP  13. UpdraftPlus->backup_resume() C:\Users\Usuario\Local Sites\holamundo\app\public\wp-content\plugins\updraftplus\class-updraftplus.php:3449
[10-Aug-2022 08:07:25 UTC] PHP  14. UpdraftPlus_Backup->resumable_backup_of_files() C:\Users\Usuario\Local Sites\holamundo\app\public\wp-content\plugins\updraftplus\class-updraftplus.php:2443
[10-Aug-2022 08:07:25 UTC] PHP  15. UpdraftPlus_Backup->backup_dirs() C:\Users\Usuario\Local Sites\holamundo\app\public\wp-content\plugins\updraftplus\backup.php:1482
[10-Aug-2022 08:07:25 UTC] PHP  16. UpdraftPlus_Backup->create_zip() C:\Users\Usuario\Local Sites\holamundo\app\public\wp-content\plugins\updraftplus\backup.php:1425
[10-Aug-2022 08:07:25 UTC] PHP  17. UpdraftPlus_Backup->make_zipfile() C:\Users\Usuario\Local Sites\holamundo\app\public\wp-content\plugins\updraftplus\backup.php:309
[10-Aug-2022 08:07:25 UTC] PHP  18. UpdraftPlus_Backup->makezip_addfiles() C:\Users\Usuario\Local Sites\holamundo\app\public\wp-content\plugins\updraftplus\backup.php:3605
[10-Aug-2022 08:07:25 UTC] PHP  19. UpdraftPlus_ZipArchive->close() C:\Users\Usuario\Local Sites\holamundo\app\public\wp-content\plugins\updraftplus\backup.php:4194
